
****** PlanAhead v14.7
  **** Build 321239 by xbuild on Fri Sep 27 19:31:35 MDT 2013
    ** Copyright 1986-1999, 2001-2013 Xilinx, Inc. All Rights Reserved.

INFO: [Common 17-78] Attempting to get a license: PlanAhead
INFO: [Common 17-290] Got license for PlanAhead
INFO: [Device 21-36] Loading parts and site information from C:/Xilinx/14.7/ISE_DS/PlanAhead/data/parts/arch.xml
Parsing RTL primitives file [C:/Xilinx/14.7/ISE_DS/PlanAhead/data/parts/xilinx/rtl/prims/rtl_prims.xml]
Finished parsing RTL primitives file [C:/Xilinx/14.7/ISE_DS/PlanAhead/data/parts/xilinx/rtl/prims/rtl_prims.xml]
start_gui
source C:/work/Digital/Lab/Lab9/Lab9/pa.fromHdl.tcl
# create_project -name Lab9 -dir "C:/work/Digital/Lab/Lab9/Lab9/planAhead_run_1" -part xc6slx9tqg144-3
# set_param project.pinAheadLayout yes
# set srcset [get_property srcset [current_run -impl]]
# set_property target_constrs_file "ALULab.ucf" [current_fileset -constrset]
Adding file 'C:/work/Digital/Lab/Lab9/Lab9/ALULab.ucf' to fileset 'constrs_1'
# set hdlfile [add_files [list {Div10V2.vf}]]
# set_property file_type Verilog $hdlfile
# set_property library work $hdlfile
# set hdlfile [add_files [list {Div100K.vf}]]
# set_property file_type Verilog $hdlfile
# set_property library work $hdlfile
# set hdlfile [add_files [list {display.vf}]]
# set_property file_type Verilog $hdlfile
# set_property library work $hdlfile
# set hdlfile [add_files [list {DEMUX4to1.vf}]]
# set_property file_type Verilog $hdlfile
# set_property library work $hdlfile
# set hdlfile [add_files [list {decodeTosegment.vf}]]
# set_property file_type Verilog $hdlfile
# set_property library work $hdlfile
# set hdlfile [add_files [list {ALULab.vf}]]
# set_property file_type Verilog $hdlfile
# set_property library work $hdlfile
# set_property top ALULab $srcset
# add_files [list {ALULab.ucf}] -fileset [get_property constrset [current_run]]
# open_rtl_design -part xc6slx9tqg144-3
Using Verific elaboration
Parsing VHDL file "C:/Xilinx/14.7/ISE_DS/PlanAhead/data/parts/xilinx/rtl/lib/synplify/synattr.vhd" into library synplify
Analyzing Verilog file "C:/work/Digital/Lab/Lab9/Lab9/decodeTosegment.vf" into library work
Analyzing Verilog file "C:/work/Digital/Lab/Lab9/Lab9/ALULab.vf" into library work
Loading clock regions from C:/Xilinx/14.7/ISE_DS/PlanAhead/data\parts/xilinx/spartan6/spartan6lx/xc6slx9/ClockRegion.xml
Loading clock buffers from C:/Xilinx/14.7/ISE_DS/PlanAhead/data\parts/xilinx/spartan6/spartan6lx/xc6slx9/ClockBuffers.xml
Loading package pin functions from C:/Xilinx/14.7/ISE_DS/PlanAhead/data\parts/xilinx/spartan6/PinFunctions.xml...
Loading package from C:/Xilinx/14.7/ISE_DS/PlanAhead/data\parts/xilinx/spartan6/spartan6lx/xc6slx9/tqg144/Package.xml
Loading io standards from C:/Xilinx/14.7/ISE_DS/PlanAhead/data\./parts/xilinx/spartan6/IOStandards.xml
Loading device configuration modes from C:/Xilinx/14.7/ISE_DS/PlanAhead/data\parts/xilinx/spartan6/ConfigModes.xml
Loading list of drcs for the architecture : C:/Xilinx/14.7/ISE_DS/PlanAhead/data\./parts/xilinx/spartan6/drc.xml
Parsing UCF File [C:/work/Digital/Lab/Lab9/Lab9/ALULab.ucf]
Finished Parsing UCF File [C:/work/Digital/Lab/Lab9/Lab9/ALULab.ucf]
INFO: [Project 1-111] Unisim Transformation Summary:
No Unisim elements were transformed.

Phase 0 | Netlist Checksum: 7343297e
open_rtl_design: Time (s): elapsed = 00:00:10 . Memory (MB): peak = 550.273 ; gain = 108.559
update_compile_order -fileset sim_1
set_property package_pin "" [get_ports [list  LEDtest]]
startgroup
set_property package_pin P82 [get_ports XLXN_123]
endgroup
startgroup
set_property package_pin P81 [get_ports XLXN_124]
endgroup
set_property package_pin "" [get_ports [list  XLXN_126]]
startgroup
set_property package_pin P80 [get_ports XLXN_125]
endgroup
startgroup
set_property package_pin P79 [get_ports XLXN_126]
endgroup
startgroup
set_property package_pin P78 [get_ports LEDtest]
endgroup
save_constraints
startgroup
set_property package_pin P51 [get_ports selAdd]
endgroup
set_property package_pin "" [get_ports [list  selDiffer]]
set_property package_pin "" [get_ports [list  selShl]]
startgroup
set_property package_pin P48 [get_ports selSub]
endgroup
startgroup
set_property package_pin P47 [get_ports selDiffer]
endgroup
startgroup
set_property package_pin P45 [get_ports selShl]
endgroup
save_constraints
update_compile_order -fileset sources_1
update_compile_order -fileset sources_1
update_compile_order -fileset sources_1
update_compile_order -fileset sources_1
exit
ERROR: [Common 17-39] 'stop_gui' failed due to earlier errors.
INFO: [Common 17-206] Exiting PlanAhead at Sat Nov 13 14:33:59 2021...
INFO: [Common 17-83] Releasing license: PlanAhead
