--------------------------------------------------------------------------------
Release 14.7 Trace  (nt64)
Copyright (c) 1995-2013 Xilinx, Inc.  All rights reserved.

C:\Xilinx\14.7\ISE_DS\ISE\bin\nt64\unwrapped\trce.exe -intstyle ise -v 3 -s 3
-n 3 -fastpaths -xml bitAdder.twx bitAdder.ncd -o bitAdder.twr bitAdder.pcf
-ucf bitAdder.ucf

Design file:              bitAdder.ncd
Physical constraint file: bitAdder.pcf
Device,package,speed:     xc6slx9,tqg144,C,-3 (PRODUCTION 1.23 2013-10-13)
Report level:             verbose report

Environment Variable      Effect 
--------------------      ------ 
NONE                      No environment variables were set
--------------------------------------------------------------------------------

INFO:Timing:2698 - No timing constraints found, doing default enumeration.
INFO:Timing:3412 - To improve timing, see the Timing Closure User Guide (UG612).
INFO:Timing:2752 - To get complete path coverage, use the unconstrained paths 
   option. All paths that are not constrained will be reported in the 
   unconstrained paths section(s) of the report.
INFO:Timing:3339 - The clock-to-out numbers in this timing report are based on 
   a 50 Ohm transmission line loading model.  For the details of this model, 
   and for more information on accounting for different loading conditions, 
   please see the device datasheet.



Data Sheet report:
-----------------
All values displayed in nanoseconds (ns)

Pad to Pad
---------------+---------------+---------+
Source Pad     |Destination Pad|  Delay  |
---------------+---------------+---------+
XLXN_1         |XLXN_5         |    6.811|
XLXN_1         |XLXN_6         |    7.045|
XLXN_1         |XLXN_7         |    7.703|
XLXN_1         |XLXN_8         |    7.552|
XLXN_1         |XLXN_9         |    7.277|
XLXN_1         |XLXN_10        |    9.024|
XLXN_1         |XLXN_11        |    8.705|
XLXN_2         |XLXN_5         |    6.960|
XLXN_2         |XLXN_6         |    7.311|
XLXN_2         |XLXN_7         |    7.658|
XLXN_2         |XLXN_8         |    7.573|
XLXN_2         |XLXN_9         |    7.429|
XLXN_2         |XLXN_10        |    8.491|
XLXN_2         |XLXN_11        |    8.709|
XLXN_3         |XLXN_5         |    7.787|
XLXN_3         |XLXN_6         |    7.748|
XLXN_3         |XLXN_8         |    7.603|
XLXN_3         |XLXN_9         |    8.100|
XLXN_3         |XLXN_10        |    8.780|
XLXN_3         |XLXN_11        |    8.865|
XLXN_4         |XLXN_5         |    7.136|
XLXN_4         |XLXN_6         |    7.173|
XLXN_4         |XLXN_7         |    7.572|
XLXN_4         |XLXN_8         |    7.473|
XLXN_4         |XLXN_9         |    7.162|
XLXN_4         |XLXN_10        |    8.128|
XLXN_4         |XLXN_11        |    8.376|
---------------+---------------+---------+


Analysis completed Thu Nov 11 15:27:35 2021 
--------------------------------------------------------------------------------

Trace Settings:
-------------------------
Trace Settings 

Peak Memory Usage: 4571 MB



